<?xml version="1.0" encoding="UTF-8"?>
<!-- Generated by org.testng.reporters.JUnitReportReporter -->
<testsuite hostname="Sudha" failures="0" tests="1" name="testSuite.Module1" time="0.011" errors="0" timestamp="2024-09-13T19:34:32 CDT" skipped="0">
  <testcase classname="testSuite.Module1" name="test001" time="0.011"/>
</testsuite> <!-- testSuite.Module1 -->
