<?xml version="1.0" encoding="UTF-8"?>
<!-- Generated by org.testng.reporters.JUnitReportReporter -->
<testsuite hostname="Sudha" failures="0" tests="2" name="testSuite.Module2" time="0.002" errors="0" timestamp="2024-09-05T19:23:44 CDT" skipped="0">
  <testcase classname="testSuite.Module2" name="test003" time="0.001"/>
  <testcase classname="testSuite.Module2" name="test001" time="0.001"/>
</testsuite> <!-- testSuite.Module2 -->
